Determining if the pthread_create exist failed with the following output:
Change Dir: /home/satellite/factorymonitor/build/CMakeFiles/CMakeTmp

Run Build Command:/usr/bin/make "cmTryCompileExec3251579937/fast"
/usr/bin/make -f CMakeFiles/cmTryCompileExec3251579937.dir/build.make CMakeFiles/cmTryCompileExec3251579937.dir/build
make[1]: Entering directory `/home/satellite/factorymonitor/build/CMakeFiles/CMakeTmp'
/usr/bin/cmake -E cmake_progress_report /home/satellite/factorymonitor/build/CMakeFiles/CMakeTmp/CMakeFiles 1
Building C object CMakeFiles/cmTryCompileExec3251579937.dir/CheckSymbolExists.c.o
/usr/bin/cc    -o CMakeFiles/cmTryCompileExec3251579937.dir/CheckSymbolExists.c.o   -c /home/satellite/factorymonitor/build/CMakeFiles/CMakeTmp/CheckSymbolExists.c
Linking C executable cmTryCompileExec3251579937
/usr/bin/cmake -E cmake_link_script CMakeFiles/cmTryCompileExec3251579937.dir/link.txt --verbose=1
/usr/bin/cc       CMakeFiles/cmTryCompileExec3251579937.dir/CheckSymbolExists.c.o  -o cmTryCompileExec3251579937 -rdynamic 
CMakeFiles/cmTryCompileExec3251579937.dir/CheckSymbolExists.c.o: In function `main':
CheckSymbolExists.c:(.text+0x16): undefined reference to `pthread_create'
collect2: error: ld returned 1 exit status
make[1]: *** [cmTryCompileExec3251579937] Error 1
make[1]: Leaving directory `/home/satellite/factorymonitor/build/CMakeFiles/CMakeTmp'
make: *** [cmTryCompileExec3251579937/fast] Error 2

File /home/satellite/factorymonitor/build/CMakeFiles/CMakeTmp/CheckSymbolExists.c:
/* */
#include <pthread.h>

int main(int argc, char** argv)
{
  (void)argv;
#ifndef pthread_create
  return ((int*)(&pthread_create))[argc];
#else
  (void)argc;
  return 0;
#endif
}

Determining if the function pthread_create exists in the pthreads failed with the following output:
Change Dir: /home/satellite/factorymonitor/build/CMakeFiles/CMakeTmp

Run Build Command:/usr/bin/make "cmTryCompileExec2207830767/fast"
/usr/bin/make -f CMakeFiles/cmTryCompileExec2207830767.dir/build.make CMakeFiles/cmTryCompileExec2207830767.dir/build
make[1]: Entering directory `/home/satellite/factorymonitor/build/CMakeFiles/CMakeTmp'
/usr/bin/cmake -E cmake_progress_report /home/satellite/factorymonitor/build/CMakeFiles/CMakeTmp/CMakeFiles 1
Building C object CMakeFiles/cmTryCompileExec2207830767.dir/CheckFunctionExists.c.o
/usr/bin/cc   -DCHECK_FUNCTION_EXISTS=pthread_create   -o CMakeFiles/cmTryCompileExec2207830767.dir/CheckFunctionExists.c.o   -c /usr/share/cmake-2.8/Modules/CheckFunctionExists.c
Linking C executable cmTryCompileExec2207830767
/usr/bin/cmake -E cmake_link_script CMakeFiles/cmTryCompileExec2207830767.dir/link.txt --verbose=1
/usr/bin/cc   -DCHECK_FUNCTION_EXISTS=pthread_create    CMakeFiles/cmTryCompileExec2207830767.dir/CheckFunctionExists.c.o  -o cmTryCompileExec2207830767 -rdynamic -lpthreads 
/usr/bin/ld: cannot find -lpthreads
collect2: error: ld returned 1 exit status
make[1]: *** [cmTryCompileExec2207830767] Error 1
make[1]: Leaving directory `/home/satellite/factorymonitor/build/CMakeFiles/CMakeTmp'
make: *** [cmTryCompileExec2207830767/fast] Error 2


